2025-08-23 11:15:14.328 [info] Reading sessions from keychain...
2025-08-23 11:15:14.328 [info] Getting sessions for all scopes...
2025-08-23 11:15:14.357 [info] Got 0 sessions for ...
2025-08-23 11:15:14.357 [info] Getting sessions for all scopes...
2025-08-23 11:15:14.358 [info] Got 0 sessions for ...
2025-08-23 11:15:14.358 [info] Getting sessions for all scopes...
2025-08-23 11:15:14.358 [info] Got 0 sessions for ...
2025-08-23 11:15:14.358 [info] Getting sessions for all scopes...
2025-08-23 11:15:14.358 [info] Got 0 sessions for ...
2025-08-23 11:15:14.358 [info] Getting sessions for all scopes...
2025-08-23 11:15:14.358 [info] Got 0 sessions for ...
2025-08-23 11:15:14.358 [info] Getting sessions for all scopes...
2025-08-23 11:15:14.358 [info] Got 0 sessions for ...
2025-08-23 11:15:14.358 [info] Getting sessions for all scopes...
2025-08-23 11:15:14.358 [info] Got 0 sessions for ...
2025-08-23 11:15:14.363 [info] Getting sessions for all scopes...
2025-08-23 11:15:14.363 [info] Got 0 sessions for ...
2025-08-23 11:15:14.363 [info] Getting sessions for all scopes...
2025-08-23 11:15:14.363 [info] Got 0 sessions for ...
2025-08-23 11:15:14.363 [info] Getting sessions for all scopes...
2025-08-23 11:15:14.363 [info] Got 0 sessions for ...
2025-08-23 11:15:14.364 [info] Getting sessions for all scopes...
2025-08-23 11:15:14.364 [info] Got 0 sessions for ...
2025-08-23 11:15:14.364 [info] Getting sessions for all scopes...
2025-08-23 11:15:14.364 [info] Got 0 sessions for ...
2025-08-23 11:15:14.364 [info] Getting sessions for all scopes...
2025-08-23 11:15:14.364 [info] Got 0 sessions for ...
2025-08-23 11:15:14.484 [info] Getting sessions for all scopes...
2025-08-23 11:15:14.484 [info] Got 0 sessions for ...
2025-08-23 11:15:15.205 [info] Getting sessions for all scopes...
2025-08-23 11:15:15.205 [info] Got 0 sessions for ...
2025-08-23 11:15:15.730 [info] Getting sessions for all scopes...
2025-08-23 11:15:15.730 [info] Got 0 sessions for ...
2025-08-23 11:15:15.730 [info] Getting sessions for all scopes...
2025-08-23 11:15:15.730 [info] Got 0 sessions for ...
2025-08-23 11:15:15.736 [info] Getting sessions for all scopes...
2025-08-23 11:15:15.736 [info] Got 0 sessions for ...
2025-08-23 11:20:54.209 [info] Logging in with 'any' account...
2025-08-23 11:20:54.209 [info] Logging in for the following scopes: user:email
2025-08-23 11:20:54.278 [info] Trying with local server... (user:email)
2025-08-23 11:21:40.690 [info] Exchanging code for token...
2025-08-23 11:21:40.904 [info] Token exchange success!
2025-08-23 11:21:40.905 [info] Getting user info...
2025-08-23 11:21:41.238 [info] Got account info!
2025-08-23 11:21:41.238 [info] Storing 1 sessions...
2025-08-23 11:21:44.917 [info] Reading sessions from keychain...
2025-08-23 11:21:44.917 [info] Stored 1 sessions!
2025-08-23 11:21:44.917 [info] Login success!
2025-08-23 11:21:44.918 [info] Getting sessions for all scopes...
2025-08-23 11:21:44.920 [info] Got stored sessions!
2025-08-23 11:21:44.921 [info] Got 1 verified sessions.
2025-08-23 11:21:44.921 [info] Got 1 sessions for ...
2025-08-23 11:21:44.921 [info] Getting sessions for all scopes...
2025-08-23 11:21:44.921 [info] Got 1 sessions for ...
2025-08-23 11:21:44.921 [info] Getting sessions for all scopes...
2025-08-23 11:21:44.921 [info] Got 1 sessions for ...
2025-08-23 11:21:51.975 [info] Getting sessions for all scopes...
2025-08-23 11:21:51.975 [info] Got 1 sessions for ...
2025-08-23 11:21:51.975 [info] Getting sessions for all scopes...
2025-08-23 11:21:51.975 [info] Got 1 sessions for ...
2025-08-23 11:21:52.599 [info] Getting sessions for read:user,repo,user:email,workflow...
2025-08-23 11:21:52.599 [info] Got 0 sessions for read:user,repo,user:email,workflow...
2025-08-23 11:21:52.604 [info] Getting sessions for all scopes...
2025-08-23 11:21:52.604 [info] Got 1 sessions for ...
2025-08-23 11:21:52.606 [info] Getting sessions for all scopes...
2025-08-23 11:21:52.607 [info] Got 1 sessions for ...
2025-08-23 11:21:52.607 [info] Getting sessions for read:user,repo,user:email,workflow...
2025-08-23 11:21:52.607 [info] Got 0 sessions for read:user,repo,user:email,workflow...
2025-08-23 11:21:52.608 [info] Getting sessions for user:email...
2025-08-23 11:21:52.608 [info] Got 1 sessions for user:email...
2025-08-23 11:21:52.608 [info] Getting sessions for read:user,repo,user:email,workflow...
2025-08-23 11:21:52.608 [info] Got 0 sessions for read:user,repo,user:email,workflow...
2025-08-23 11:21:52.610 [info] Getting sessions for read:user...
2025-08-23 11:21:52.610 [info] Got 0 sessions for read:user...
2025-08-23 11:21:52.611 [info] Getting sessions for all scopes...
2025-08-23 11:21:52.611 [info] Got 1 sessions for ...
2025-08-23 11:21:52.611 [info] Getting sessions for user:email...
2025-08-23 11:21:52.611 [info] Got 1 sessions for user:email...
2025-08-23 11:21:52.615 [info] Getting sessions for read:user,repo,user:email,workflow...
2025-08-23 11:21:52.615 [info] Got 0 sessions for read:user,repo,user:email,workflow...
2025-08-23 11:21:52.619 [info] Getting sessions for user:email...
2025-08-23 11:21:52.619 [info] Got 1 sessions for user:email...
2025-08-23 11:21:52.792 [info] Getting sessions for all scopes...
2025-08-23 11:21:52.792 [info] Got 1 sessions for ...
2025-08-23 11:21:52.792 [info] Getting sessions for all scopes...
2025-08-23 11:21:52.792 [info] Got 1 sessions for ...
2025-08-23 11:21:52.793 [info] Getting sessions for read:user,repo,user:email,workflow...
2025-08-23 11:21:52.793 [info] Got 0 sessions for read:user,repo,user:email,workflow...
2025-08-23 11:21:52.795 [info] Getting sessions for user:email...
2025-08-23 11:21:52.795 [info] Got 1 sessions for user:email...
2025-08-23 11:21:52.903 [info] Getting sessions for all scopes...
2025-08-23 11:21:52.903 [info] Got 1 sessions for ...
2025-08-23 11:21:52.904 [info] Getting sessions for read:user,repo,user:email,workflow...
2025-08-23 11:21:52.904 [info] Got 0 sessions for read:user,repo,user:email,workflow...
2025-08-23 11:21:52.905 [info] Getting sessions for user:email...
2025-08-23 11:21:52.905 [info] Got 1 sessions for user:email...
2025-08-23 11:21:53.317 [info] Getting sessions for all scopes...
2025-08-23 11:21:53.317 [info] Got 1 sessions for ...
2025-08-23 11:21:53.317 [info] Getting sessions for all scopes...
2025-08-23 11:21:53.317 [info] Got 1 sessions for ...
2025-08-23 11:21:53.329 [info] Getting sessions for read:user,repo,user:email,workflow...
2025-08-23 11:21:53.329 [info] Got 0 sessions for read:user,repo,user:email,workflow...
2025-08-23 11:21:53.330 [info] Getting sessions for user:email...
2025-08-23 11:21:53.330 [info] Got 1 sessions for user:email...
2025-08-23 11:21:53.330 [info] Getting sessions for read:user,repo,user:email,workflow...
2025-08-23 11:21:53.330 [info] Got 0 sessions for read:user,repo,user:email,workflow...
2025-08-23 11:21:53.332 [info] Getting sessions for all scopes...
2025-08-23 11:21:53.332 [info] Got 1 sessions for ...
2025-08-23 11:21:53.333 [info] Getting sessions for read:user,repo,user:email,workflow...
2025-08-23 11:21:53.333 [info] Got 0 sessions for read:user,repo,user:email,workflow...
2025-08-23 11:21:53.334 [info] Getting sessions for user:email...
2025-08-23 11:21:53.334 [info] Got 1 sessions for user:email...
2025-08-23 11:21:53.480 [info] Getting sessions for all scopes...
2025-08-23 11:21:53.480 [info] Got 1 sessions for ...
2025-08-23 11:21:53.487 [info] Getting sessions for all scopes...
2025-08-23 11:21:53.487 [info] Got 1 sessions for ...
2025-08-23 11:21:53.503 [info] Getting sessions for read:user,repo,user:email,workflow...
2025-08-23 11:21:53.503 [info] Got 0 sessions for read:user,repo,user:email,workflow...
2025-08-23 11:21:53.508 [info] Getting sessions for user:email...
2025-08-23 11:21:53.508 [info] Got 1 sessions for user:email...
2025-08-23 11:21:53.508 [info] Getting sessions for read:user,repo,user:email,workflow...
2025-08-23 11:21:53.508 [info] Got 0 sessions for read:user,repo,user:email,workflow...
2025-08-23 11:21:53.511 [info] Getting sessions for all scopes...
2025-08-23 11:21:53.511 [info] Got 1 sessions for ...
2025-08-23 11:21:53.513 [info] Getting sessions for all scopes...
2025-08-23 11:21:53.513 [info] Got 1 sessions for ...
2025-08-23 11:21:53.513 [info] Getting sessions for all scopes...
2025-08-23 11:21:53.513 [info] Got 1 sessions for ...
2025-08-23 11:21:53.515 [info] Getting sessions for read:user,repo,user:email,workflow...
2025-08-23 11:21:53.516 [info] Got 0 sessions for read:user,repo,user:email,workflow...
2025-08-23 11:21:53.517 [info] Getting sessions for user:email...
2025-08-23 11:21:53.517 [info] Got 1 sessions for user:email...
2025-08-23 11:21:54.253 [info] Getting sessions for all scopes...
2025-08-23 11:21:54.254 [info] Got 1 sessions for ...
2025-08-23 11:21:58.626 [info] Getting sessions for all scopes...
2025-08-23 11:21:58.626 [info] Got 1 sessions for ...
2025-08-23 11:21:58.628 [info] Getting sessions for read:user,repo,user:email,workflow...
2025-08-23 11:21:58.628 [info] Got 0 sessions for read:user,repo,user:email,workflow...
2025-08-23 11:21:58.629 [info] Getting sessions for user:email...
2025-08-23 11:21:58.629 [info] Got 1 sessions for user:email...
2025-08-23 11:21:58.825 [info] Getting sessions for all scopes...
2025-08-23 11:21:58.825 [info] Got 1 sessions for ...
2025-08-23 11:21:58.827 [info] Getting sessions for read:user,repo,user:email,workflow...
2025-08-23 11:21:58.827 [info] Got 0 sessions for read:user,repo,user:email,workflow...
2025-08-23 11:21:58.828 [info] Getting sessions for user:email...
2025-08-23 11:21:58.828 [info] Got 1 sessions for user:email...
2025-08-23 11:21:58.992 [info] Getting sessions for all scopes...
2025-08-23 11:21:58.992 [info] Got 1 sessions for ...
2025-08-23 11:21:58.993 [info] Getting sessions for read:user,repo,user:email,workflow...
2025-08-23 11:21:58.993 [info] Got 0 sessions for read:user,repo,user:email,workflow...
2025-08-23 11:21:58.994 [info] Getting sessions for user:email...
2025-08-23 11:21:58.994 [info] Got 1 sessions for user:email...
2025-08-23 11:22:13.183 [info] Getting sessions for all scopes...
2025-08-23 11:22:13.183 [info] Got 1 sessions for ...
2025-08-23 11:22:13.184 [info] Getting sessions for read:user,repo,user:email,workflow...
2025-08-23 11:22:13.184 [info] Got 0 sessions for read:user,repo,user:email,workflow...
2025-08-23 11:22:13.185 [info] Getting sessions for user:email...
2025-08-23 11:22:13.185 [info] Got 1 sessions for user:email...
2025-08-23 11:22:13.900 [info] Getting sessions for all scopes...
2025-08-23 11:22:13.900 [info] Got 1 sessions for ...
2025-08-23 11:22:13.905 [info] Getting sessions for read:user,repo,user:email,workflow...
2025-08-23 11:22:13.905 [info] Got 0 sessions for read:user,repo,user:email,workflow...
2025-08-23 11:22:13.905 [info] Getting sessions for user:email...
2025-08-23 11:22:13.905 [info] Got 1 sessions for user:email...
2025-08-23 11:22:17.750 [info] Getting sessions for all scopes...
2025-08-23 11:22:17.750 [info] Got 1 sessions for ...
2025-08-23 11:22:17.757 [info] Getting sessions for read:user,repo,user:email,workflow...
2025-08-23 11:22:17.757 [info] Got 0 sessions for read:user,repo,user:email,workflow...
2025-08-23 11:22:17.764 [info] Getting sessions for user:email...
2025-08-23 11:22:17.764 [info] Got 1 sessions for user:email...
2025-08-23 11:22:53.208 [info] Getting sessions for all scopes...
2025-08-23 11:22:53.208 [info] Got 1 sessions for ...
2025-08-23 11:22:53.209 [info] Getting sessions for read:user,repo,user:email,workflow...
2025-08-23 11:22:53.209 [info] Got 0 sessions for read:user,repo,user:email,workflow...
2025-08-23 11:22:53.210 [info] Getting sessions for user:email...
2025-08-23 11:22:53.210 [info] Got 1 sessions for user:email...
2025-08-23 11:22:54.340 [info] Getting sessions for all scopes...
2025-08-23 11:22:54.340 [info] Got 1 sessions for ...
2025-08-23 11:22:54.341 [info] Getting sessions for read:user,repo,user:email,workflow...
2025-08-23 11:22:54.341 [info] Got 0 sessions for read:user,repo,user:email,workflow...
2025-08-23 11:22:54.341 [info] Getting sessions for user:email...
2025-08-23 11:22:54.341 [info] Got 1 sessions for user:email...
2025-08-23 11:23:00.461 [info] Getting sessions for all scopes...
2025-08-23 11:23:00.461 [info] Got 1 sessions for ...
2025-08-23 11:23:00.463 [info] Getting sessions for read:user,repo,user:email,workflow...
2025-08-23 11:23:00.463 [info] Got 0 sessions for read:user,repo,user:email,workflow...
2025-08-23 11:23:00.464 [info] Getting sessions for user:email...
2025-08-23 11:23:00.464 [info] Got 1 sessions for user:email...
2025-08-23 11:23:17.519 [info] Getting sessions for all scopes...
2025-08-23 11:23:17.519 [info] Got 1 sessions for ...
2025-08-23 11:23:17.520 [info] Getting sessions for read:user,repo,user:email,workflow...
2025-08-23 11:23:17.520 [info] Got 0 sessions for read:user,repo,user:email,workflow...
2025-08-23 11:23:17.522 [info] Getting sessions for user:email...
2025-08-23 11:23:17.522 [info] Got 1 sessions for user:email...
2025-08-23 11:23:18.592 [info] Getting sessions for all scopes...
2025-08-23 11:23:18.592 [info] Got 1 sessions for ...
2025-08-23 11:23:18.593 [info] Getting sessions for read:user,repo,user:email,workflow...
2025-08-23 11:23:18.593 [info] Got 0 sessions for read:user,repo,user:email,workflow...
2025-08-23 11:23:18.593 [info] Getting sessions for user:email...
2025-08-23 11:23:18.593 [info] Got 1 sessions for user:email...
2025-08-23 11:23:27.628 [info] Getting sessions for all scopes...
2025-08-23 11:23:27.629 [info] Got 1 sessions for ...
2025-08-23 11:23:27.629 [info] Getting sessions for read:user,repo,user:email,workflow...
2025-08-23 11:23:27.629 [info] Got 0 sessions for read:user,repo,user:email,workflow...
2025-08-23 11:23:27.630 [info] Getting sessions for user:email...
2025-08-23 11:23:27.630 [info] Got 1 sessions for user:email...
2025-08-23 11:24:15.666 [info] Getting sessions for all scopes...
2025-08-23 11:24:15.666 [info] Got 1 sessions for ...
2025-08-23 11:24:15.666 [info] Getting sessions for read:user,repo,user:email,workflow...
2025-08-23 11:24:15.666 [info] Got 0 sessions for read:user,repo,user:email,workflow...
2025-08-23 11:24:15.667 [info] Getting sessions for user:email...
2025-08-23 11:24:15.667 [info] Got 1 sessions for user:email...
2025-08-23 11:24:16.270 [info] Getting sessions for all scopes...
2025-08-23 11:24:16.270 [info] Got 1 sessions for ...
2025-08-23 11:24:16.282 [info] Getting sessions for read:user,repo,user:email,workflow...
2025-08-23 11:24:16.282 [info] Got 0 sessions for read:user,repo,user:email,workflow...
2025-08-23 11:24:16.284 [info] Getting sessions for user:email...
2025-08-23 11:24:16.284 [info] Got 1 sessions for user:email...
2025-08-23 11:24:18.244 [info] Getting sessions for all scopes...
2025-08-23 11:24:18.244 [info] Got 1 sessions for ...
2025-08-23 11:24:18.244 [info] Getting sessions for read:user,repo,user:email,workflow...
2025-08-23 11:24:18.244 [info] Got 0 sessions for read:user,repo,user:email,workflow...
2025-08-23 11:24:18.245 [info] Getting sessions for user:email...
2025-08-23 11:24:18.245 [info] Got 1 sessions for user:email...
2025-08-23 11:25:09.217 [info] Getting sessions for all scopes...
2025-08-23 11:25:09.217 [info] Got 1 sessions for ...
2025-08-23 11:25:09.218 [info] Getting sessions for read:user,repo,user:email,workflow...
2025-08-23 11:25:09.218 [info] Got 0 sessions for read:user,repo,user:email,workflow...
2025-08-23 11:25:09.219 [info] Getting sessions for user:email...
2025-08-23 11:25:09.219 [info] Got 1 sessions for user:email...
2025-08-23 11:25:10.457 [info] Getting sessions for all scopes...
2025-08-23 11:25:10.457 [info] Got 1 sessions for ...
2025-08-23 11:25:10.467 [info] Getting sessions for read:user,repo,user:email,workflow...
2025-08-23 11:25:10.467 [info] Got 0 sessions for read:user,repo,user:email,workflow...
2025-08-23 11:25:10.469 [info] Getting sessions for user:email...
2025-08-23 11:25:10.469 [info] Got 1 sessions for user:email...
2025-08-23 11:25:15.994 [info] Getting sessions for all scopes...
2025-08-23 11:25:15.994 [info] Got 1 sessions for ...
2025-08-23 11:25:15.995 [info] Getting sessions for read:user,repo,user:email,workflow...
2025-08-23 11:25:15.995 [info] Got 0 sessions for read:user,repo,user:email,workflow...
2025-08-23 11:25:15.996 [info] Getting sessions for user:email...
2025-08-23 11:25:15.996 [info] Got 1 sessions for user:email...
2025-08-23 11:25:27.799 [info] Getting sessions for all scopes...
2025-08-23 11:25:27.799 [info] Got 1 sessions for ...
2025-08-23 11:25:27.800 [info] Getting sessions for read:user,repo,user:email,workflow...
2025-08-23 11:25:27.800 [info] Got 0 sessions for read:user,repo,user:email,workflow...
2025-08-23 11:25:27.801 [info] Getting sessions for user:email...
2025-08-23 11:25:27.801 [info] Got 1 sessions for user:email...
2025-08-23 11:25:34.894 [info] Getting sessions for all scopes...
2025-08-23 11:25:34.894 [info] Got 1 sessions for ...
2025-08-23 11:25:34.923 [info] Getting sessions for read:user,repo,user:email,workflow...
2025-08-23 11:25:34.923 [info] Got 0 sessions for read:user,repo,user:email,workflow...
2025-08-23 11:25:34.931 [info] Getting sessions for user:email...
2025-08-23 11:25:34.931 [info] Got 1 sessions for user:email...
2025-08-23 11:25:44.759 [info] Getting sessions for all scopes...
2025-08-23 11:25:44.759 [info] Got 1 sessions for ...
2025-08-23 11:25:44.763 [info] Getting sessions for read:user,repo,user:email,workflow...
2025-08-23 11:25:44.763 [info] Got 0 sessions for read:user,repo,user:email,workflow...
2025-08-23 11:25:44.776 [info] Getting sessions for user:email...
2025-08-23 11:25:44.776 [info] Got 1 sessions for user:email...
