2025-08-23 11:15:14.596 [info] [main] Log level: Info
2025-08-23 11:15:14.596 [info] [main] Validating found git in: "git"
2025-08-23 11:15:14.596 [info] [main] Using git "2.51.0" from "git"
2025-08-23 11:15:14.596 [info] [Model][doInitialScan] Initial repository scan started
2025-08-23 11:15:14.596 [info] > git rev-parse --show-toplevel [7ms]
2025-08-23 11:15:14.596 [info] fatal: not a git repository (or any parent up to mount point /)
Stopping at filesystem boundary (GIT_DISCOVERY_ACROSS_FILESYSTEM not set).
2025-08-23 11:15:14.596 [info] > git rev-parse --show-toplevel [2ms]
2025-08-23 11:15:14.596 [info] fatal: not a git repository (or any parent up to mount point /)
Stopping at filesystem boundary (GIT_DISCOVERY_ACROSS_FILESYSTEM not set).
2025-08-23 11:15:14.597 [info] > git rev-parse --show-toplevel [2ms]
2025-08-23 11:15:14.597 [info] fatal: not a git repository (or any parent up to mount point /)
Stopping at filesystem boundary (GIT_DISCOVERY_ACROSS_FILESYSTEM not set).
2025-08-23 11:15:14.597 [info] > git rev-parse --show-toplevel [3ms]
2025-08-23 11:15:14.597 [info] fatal: not a git repository (or any parent up to mount point /)
Stopping at filesystem boundary (GIT_DISCOVERY_ACROSS_FILESYSTEM not set).
2025-08-23 11:15:14.597 [info] > git rev-parse --show-toplevel [2ms]
2025-08-23 11:15:14.597 [info] fatal: not a git repository (or any parent up to mount point /)
Stopping at filesystem boundary (GIT_DISCOVERY_ACROSS_FILESYSTEM not set).
2025-08-23 11:15:14.597 [info] > git rev-parse --show-toplevel [1ms]
2025-08-23 11:15:14.597 [info] fatal: not a git repository (or any parent up to mount point /)
Stopping at filesystem boundary (GIT_DISCOVERY_ACROSS_FILESYSTEM not set).
2025-08-23 11:15:14.597 [info] > git rev-parse --show-toplevel [1ms]
2025-08-23 11:15:14.597 [info] fatal: not a git repository (or any parent up to mount point /)
Stopping at filesystem boundary (GIT_DISCOVERY_ACROSS_FILESYSTEM not set).
2025-08-23 11:15:14.597 [info] > git rev-parse --show-toplevel [1ms]
2025-08-23 11:15:14.597 [info] fatal: not a git repository (or any parent up to mount point /)
Stopping at filesystem boundary (GIT_DISCOVERY_ACROSS_FILESYSTEM not set).
2025-08-23 11:15:14.597 [info] > git rev-parse --show-toplevel [1ms]
2025-08-23 11:15:14.597 [info] fatal: not a git repository (or any parent up to mount point /)
Stopping at filesystem boundary (GIT_DISCOVERY_ACROSS_FILESYSTEM not set).
2025-08-23 11:15:14.597 [info] > git rev-parse --show-toplevel [1ms]
2025-08-23 11:15:14.597 [info] fatal: not a git repository (or any parent up to mount point /)
Stopping at filesystem boundary (GIT_DISCOVERY_ACROSS_FILESYSTEM not set).
2025-08-23 11:15:14.597 [info] > git rev-parse --show-toplevel [1ms]
2025-08-23 11:15:14.597 [info] fatal: not a git repository (or any parent up to mount point /)
Stopping at filesystem boundary (GIT_DISCOVERY_ACROSS_FILESYSTEM not set).
2025-08-23 11:15:14.597 [info] > git rev-parse --show-toplevel [1ms]
2025-08-23 11:15:14.597 [info] fatal: not a git repository (or any parent up to mount point /)
Stopping at filesystem boundary (GIT_DISCOVERY_ACROSS_FILESYSTEM not set).
2025-08-23 11:15:14.626 [info] > git rev-parse --show-toplevel [26ms]
2025-08-23 11:15:14.626 [info] fatal: not a git repository (or any parent up to mount point /)
Stopping at filesystem boundary (GIT_DISCOVERY_ACROSS_FILESYSTEM not set).
2025-08-23 11:15:14.630 [info] > git rev-parse --show-toplevel [1ms]
2025-08-23 11:15:14.630 [info] fatal: not a git repository (or any parent up to mount point /)
Stopping at filesystem boundary (GIT_DISCOVERY_ACROSS_FILESYSTEM not set).
2025-08-23 11:15:14.635 [info] > git rev-parse --show-toplevel [2ms]
2025-08-23 11:15:14.635 [info] fatal: not a git repository (or any parent up to mount point /)
Stopping at filesystem boundary (GIT_DISCOVERY_ACROSS_FILESYSTEM not set).
2025-08-23 11:15:14.641 [info] > git rev-parse --show-toplevel [3ms]
2025-08-23 11:15:14.641 [info] fatal: not a git repository (or any parent up to mount point /)
Stopping at filesystem boundary (GIT_DISCOVERY_ACROSS_FILESYSTEM not set).
2025-08-23 11:15:14.668 [info] > git rev-parse --show-toplevel [24ms]
2025-08-23 11:15:14.668 [info] fatal: not a git repository (or any parent up to mount point /)
Stopping at filesystem boundary (GIT_DISCOVERY_ACROSS_FILESYSTEM not set).
2025-08-23 11:15:14.691 [info] > git rev-parse --show-toplevel [1ms]
2025-08-23 11:15:14.692 [info] fatal: not a git repository (or any parent up to mount point /)
Stopping at filesystem boundary (GIT_DISCOVERY_ACROSS_FILESYSTEM not set).
2025-08-23 11:15:14.696 [info] > git rev-parse --show-toplevel [1ms]
2025-08-23 11:15:14.696 [info] fatal: not a git repository (or any parent up to mount point /)
Stopping at filesystem boundary (GIT_DISCOVERY_ACROSS_FILESYSTEM not set).
2025-08-23 11:15:14.700 [info] > git rev-parse --show-toplevel [1ms]
2025-08-23 11:15:14.700 [info] fatal: not a git repository (or any parent up to mount point /)
Stopping at filesystem boundary (GIT_DISCOVERY_ACROSS_FILESYSTEM not set).
2025-08-23 11:15:14.704 [info] > git rev-parse --show-toplevel [1ms]
2025-08-23 11:15:14.704 [info] fatal: not a git repository (or any parent up to mount point /)
Stopping at filesystem boundary (GIT_DISCOVERY_ACROSS_FILESYSTEM not set).
2025-08-23 11:15:14.708 [info] > git rev-parse --show-toplevel [1ms]
2025-08-23 11:15:14.708 [info] fatal: not a git repository (or any parent up to mount point /)
Stopping at filesystem boundary (GIT_DISCOVERY_ACROSS_FILESYSTEM not set).
2025-08-23 11:15:14.713 [info] > git rev-parse --show-toplevel [1ms]
2025-08-23 11:15:14.713 [info] fatal: not a git repository (or any parent up to mount point /)
Stopping at filesystem boundary (GIT_DISCOVERY_ACROSS_FILESYSTEM not set).
2025-08-23 11:15:14.717 [info] > git rev-parse --show-toplevel [1ms]
2025-08-23 11:15:14.717 [info] fatal: not a git repository (or any parent up to mount point /)
Stopping at filesystem boundary (GIT_DISCOVERY_ACROSS_FILESYSTEM not set).
2025-08-23 11:15:14.720 [info] [Model][doInitialScan] Initial repository scan completed - repositories (0), closed repositories (0), parent repositories (0), unsafe repositories (0)
2025-08-23 11:15:14.726 [info] > git rev-parse --show-toplevel [1ms]
2025-08-23 11:15:14.726 [info] fatal: not a git repository (or any parent up to mount point /)
Stopping at filesystem boundary (GIT_DISCOVERY_ACROSS_FILESYSTEM not set).
2025-08-23 11:15:14.739 [info] > git rev-parse --show-toplevel [1ms]
2025-08-23 11:15:14.739 [info] fatal: not a git repository (or any parent up to mount point /)
Stopping at filesystem boundary (GIT_DISCOVERY_ACROSS_FILESYSTEM not set).
2025-08-23 11:15:14.933 [info] > git rev-parse --show-toplevel [1ms]
2025-08-23 11:15:14.933 [info] fatal: not a git repository (or any parent up to mount point /)
Stopping at filesystem boundary (GIT_DISCOVERY_ACROSS_FILESYSTEM not set).
2025-08-23 11:15:15.225 [info] > git rev-parse --show-toplevel [5ms]
2025-08-23 11:15:15.225 [info] fatal: not a git repository (or any parent up to mount point /)
Stopping at filesystem boundary (GIT_DISCOVERY_ACROSS_FILESYSTEM not set).
2025-08-23 11:15:15.638 [info] > git rev-parse --show-toplevel [1ms]
2025-08-23 11:15:15.638 [info] fatal: not a git repository (or any parent up to mount point /)
Stopping at filesystem boundary (GIT_DISCOVERY_ACROSS_FILESYSTEM not set).
2025-08-23 11:15:26.593 [info] > git rev-parse --show-toplevel [1ms]
2025-08-23 11:15:26.593 [info] fatal: not a git repository (or any parent up to mount point /)
Stopping at filesystem boundary (GIT_DISCOVERY_ACROSS_FILESYSTEM not set).
2025-08-23 11:15:32.671 [info] > git rev-parse --show-toplevel [1ms]
2025-08-23 11:15:32.671 [info] fatal: not a git repository (or any parent up to mount point /)
Stopping at filesystem boundary (GIT_DISCOVERY_ACROSS_FILESYSTEM not set).
2025-08-23 11:15:38.583 [info] > git rev-parse --show-toplevel [1ms]
2025-08-23 11:15:38.583 [info] fatal: not a git repository (or any parent up to mount point /)
Stopping at filesystem boundary (GIT_DISCOVERY_ACROSS_FILESYSTEM not set).
2025-08-23 11:15:42.185 [info] > git rev-parse --show-toplevel [1ms]
2025-08-23 11:15:42.185 [info] fatal: not a git repository (or any parent up to mount point /)
Stopping at filesystem boundary (GIT_DISCOVERY_ACROSS_FILESYSTEM not set).
2025-08-23 11:17:34.257 [info] > git rev-parse --show-toplevel [4ms]
2025-08-23 11:17:34.257 [info] fatal: not a git repository (or any parent up to mount point /)
Stopping at filesystem boundary (GIT_DISCOVERY_ACROSS_FILESYSTEM not set).
2025-08-23 11:20:54.087 [info] > git rev-parse --show-toplevel [1ms]
2025-08-23 11:20:54.087 [info] fatal: not a git repository (or any parent up to mount point /)
Stopping at filesystem boundary (GIT_DISCOVERY_ACROSS_FILESYSTEM not set).
2025-08-23 11:21:49.321 [info] > git rev-parse --show-toplevel [2ms]
2025-08-23 11:21:49.321 [info] fatal: not a git repository (or any parent up to mount point /)
Stopping at filesystem boundary (GIT_DISCOVERY_ACROSS_FILESYSTEM not set).
2025-08-23 11:21:51.974 [info] > git rev-parse --show-toplevel [38ms]
2025-08-23 11:21:51.974 [info] fatal: not a git repository (or any parent up to mount point /)
Stopping at filesystem boundary (GIT_DISCOVERY_ACROSS_FILESYSTEM not set).
2025-08-23 11:21:53.552 [info] > git rev-parse --show-toplevel [5ms]
2025-08-23 11:21:53.552 [info] fatal: not a git repository (or any parent up to mount point /)
Stopping at filesystem boundary (GIT_DISCOVERY_ACROSS_FILESYSTEM not set).
2025-08-23 11:22:16.012 [info] > git rev-parse --show-toplevel [6ms]
2025-08-23 11:22:16.012 [info] fatal: not a git repository (or any parent up to mount point /)
Stopping at filesystem boundary (GIT_DISCOVERY_ACROSS_FILESYSTEM not set).
2025-08-23 11:22:17.342 [info] > git rev-parse --show-toplevel [3ms]
2025-08-23 11:22:17.342 [info] fatal: not a git repository (or any parent up to mount point /)
Stopping at filesystem boundary (GIT_DISCOVERY_ACROSS_FILESYSTEM not set).
2025-08-23 11:24:09.058 [info] > git rev-parse --show-toplevel [3ms]
2025-08-23 11:24:09.058 [info] fatal: not a git repository (or any parent up to mount point /)
Stopping at filesystem boundary (GIT_DISCOVERY_ACROSS_FILESYSTEM not set).
2025-08-23 11:24:09.067 [info] > git rev-parse --show-toplevel [1ms]
2025-08-23 11:24:09.067 [info] fatal: not a git repository (or any parent up to mount point /)
Stopping at filesystem boundary (GIT_DISCOVERY_ACROSS_FILESYSTEM not set).
2025-08-23 11:24:17.918 [info] > git rev-parse --show-toplevel [3ms]
2025-08-23 11:24:17.918 [info] fatal: not a git repository (or any parent up to mount point /)
Stopping at filesystem boundary (GIT_DISCOVERY_ACROSS_FILESYSTEM not set).
2025-08-23 11:24:18.278 [info] > git rev-parse --show-toplevel [1ms]
2025-08-23 11:24:18.278 [info] fatal: not a git repository (or any parent up to mount point /)
Stopping at filesystem boundary (GIT_DISCOVERY_ACROSS_FILESYSTEM not set).
2025-08-23 11:24:44.819 [info] > git rev-parse --show-toplevel [2ms]
2025-08-23 11:24:44.819 [info] fatal: not a git repository (or any parent up to mount point /)
Stopping at filesystem boundary (GIT_DISCOVERY_ACROSS_FILESYSTEM not set).
2025-08-23 11:25:11.868 [info] > git rev-parse --show-toplevel [7ms]
2025-08-23 11:25:11.868 [info] fatal: not a git repository (or any parent up to mount point /)
Stopping at filesystem boundary (GIT_DISCOVERY_ACROSS_FILESYSTEM not set).
2025-08-23 11:25:20.216 [info] > git rev-parse --show-toplevel [3ms]
2025-08-23 11:25:20.216 [info] fatal: not a git repository (or any parent up to mount point /)
Stopping at filesystem boundary (GIT_DISCOVERY_ACROSS_FILESYSTEM not set).
2025-08-23 11:25:20.226 [info] > git rev-parse --show-toplevel [1ms]
2025-08-23 11:25:20.226 [info] fatal: not a git repository (or any parent up to mount point /)
Stopping at filesystem boundary (GIT_DISCOVERY_ACROSS_FILESYSTEM not set).
2025-08-23 11:25:20.235 [info] > git rev-parse --show-toplevel [1ms]
2025-08-23 11:25:20.235 [info] fatal: not a git repository (or any parent up to mount point /)
Stopping at filesystem boundary (GIT_DISCOVERY_ACROSS_FILESYSTEM not set).
2025-08-23 11:26:25.257 [info] > git rev-parse --show-toplevel [3ms]
2025-08-23 11:26:25.257 [info] fatal: not a git repository (or any parent up to mount point /)
Stopping at filesystem boundary (GIT_DISCOVERY_ACROSS_FILESYSTEM not set).
2025-08-23 11:41:27.744 [info] > git rev-parse --show-toplevel [2ms]
2025-08-23 11:41:27.744 [info] fatal: not a git repository (or any parent up to mount point /)
Stopping at filesystem boundary (GIT_DISCOVERY_ACROSS_FILESYSTEM not set).
2025-08-23 11:41:56.256 [info] > git rev-parse --show-toplevel [2ms]
2025-08-23 11:41:56.280 [info] > git rev-parse --git-dir --git-common-dir --show-superproject-working-tree [10ms]
2025-08-23 11:41:56.291 [info] [Model][openRepository] Opened repository (path): /home/shawn/.config
2025-08-23 11:41:56.291 [info] [Model][openRepository] Opened repository (real path): /home/shawn/.config
2025-08-23 11:41:56.291 [info] [Model][openRepository] Opened repository (kind): repository
2025-08-23 11:41:56.305 [info] > git config --get commit.template [4ms]
2025-08-23 11:41:56.314 [info] [Git][getRemotes] No remotes found in the git config file
2025-08-23 11:41:56.314 [info] > git for-each-ref --format=%(refname)%00%(upstream:short)%00%(objectname)%00%(upstream:track)%00%(upstream:remotename)%00%(upstream:remoteref) refs/heads/master refs/remotes/master [1ms]
2025-08-23 11:41:56.315 [warning] [Git][getBranch] No such branch: master
2025-08-23 11:41:56.337 [info] > git status -z -uall [14ms]
2025-08-23 11:41:56.337 [info] > git for-each-ref --sort -committerdate --format %(refname)%00%(objectname)%00%(*objectname) [4ms]
2025-08-23 11:41:56.368 [info] > git for-each-ref --format=%(refname)%00%(upstream:short)%00%(objectname)%00%(upstream:track)%00%(upstream:remotename)%00%(upstream:remoteref) refs/heads/master refs/remotes/master [12ms]
2025-08-23 11:41:56.368 [warning] [Git][getBranch] No such branch: master
2025-08-23 11:41:56.369 [error] [GitHistoryProvider][resolveHEADMergeBase] Failed to resolve merge base for master: Error: No such branch: master.
2025-08-23 11:41:56.373 [info] > git config --get commit.template [6ms]
2025-08-23 11:41:56.383 [info] [Git][getRemotes] No remotes found in the git config file
2025-08-23 11:41:56.435 [info] > git for-each-ref --format=%(refname)%00%(upstream:short)%00%(objectname)%00%(upstream:track)%00%(upstream:remotename)%00%(upstream:remoteref) refs/heads/master refs/remotes/master [52ms]
2025-08-23 11:41:56.435 [warning] [Git][getBranch] No such branch: master
2025-08-23 11:41:56.451 [info] > git status -z -uall [7ms]
2025-08-23 11:41:56.453 [info] > git for-each-ref --sort -committerdate --format %(refname)%00%(objectname)%00%(*objectname) [2ms]
2025-08-23 11:41:56.847 [info] > git check-ignore -v -z --stdin [1ms]
2025-08-23 11:41:57.730 [info] [Git][getRemotes] No remotes found in the git config file
2025-08-23 11:41:57.731 [info] > git config --get commit.template [11ms]
2025-08-23 11:41:57.731 [info] > git for-each-ref --format=%(refname)%00%(upstream:short)%00%(objectname)%00%(upstream:track)%00%(upstream:remotename)%00%(upstream:remoteref) refs/heads/master refs/remotes/master [1ms]
2025-08-23 11:41:57.731 [warning] [Git][getBranch] No such branch: master
2025-08-23 11:41:57.744 [info] > git status -z -uall [7ms]
2025-08-23 11:41:57.747 [info] > git for-each-ref --sort -committerdate --format %(refname)%00%(objectname)%00%(*objectname) [3ms]
2025-08-23 11:42:02.776 [info] [Git][getRemotes] No remotes found in the git config file
2025-08-23 11:42:02.777 [info] > git config --get commit.template [11ms]
2025-08-23 11:42:02.778 [info] > git for-each-ref --format=%(refname)%00%(upstream:short)%00%(objectname)%00%(upstream:track)%00%(upstream:remotename)%00%(upstream:remoteref) refs/heads/master refs/remotes/master [2ms]
2025-08-23 11:42:02.778 [warning] [Git][getBranch] No such branch: master
2025-08-23 11:42:02.800 [info] > git status -z -uall [13ms]
2025-08-23 11:42:02.803 [info] > git for-each-ref --sort -committerdate --format %(refname)%00%(objectname)%00%(*objectname) [4ms]
2025-08-23 11:42:07.830 [info] [Git][getRemotes] No remotes found in the git config file
2025-08-23 11:42:07.830 [info] > git config --get commit.template [8ms]
2025-08-23 11:42:07.831 [info] > git for-each-ref --format=%(refname)%00%(upstream:short)%00%(objectname)%00%(upstream:track)%00%(upstream:remotename)%00%(upstream:remoteref) refs/heads/master refs/remotes/master [1ms]
2025-08-23 11:42:07.831 [warning] [Git][getBranch] No such branch: master
2025-08-23 11:42:07.846 [info] > git status -z -uall [9ms]
2025-08-23 11:42:07.847 [info] > git for-each-ref --sort -committerdate --format %(refname)%00%(objectname)%00%(*objectname) [3ms]
2025-08-23 11:42:12.862 [info] [Git][getRemotes] No remotes found in the git config file
2025-08-23 11:42:12.869 [info] > git config --get commit.template [7ms]
2025-08-23 11:42:12.869 [info] > git for-each-ref --format=%(refname)%00%(upstream:short)%00%(objectname)%00%(upstream:track)%00%(upstream:remotename)%00%(upstream:remoteref) refs/heads/master refs/remotes/master [1ms]
2025-08-23 11:42:12.869 [warning] [Git][getBranch] No such branch: master
2025-08-23 11:42:12.884 [info] > git status -z -uall [9ms]
2025-08-23 11:42:12.888 [info] > git for-each-ref --sort -committerdate --format %(refname)%00%(objectname)%00%(*objectname) [5ms]
2025-08-23 11:42:13.319 [info] > git log --format=%H%n%aN%n%aE%n%at%n%ct%n%P%n%D%n%B -z --shortstat --diff-merges=first-parent -n50 --skip=0 --topo-order --decorate=full --stdin [1ms]
2025-08-23 11:42:13.319 [info] fatal: bad revision 'refs/heads/master'
2025-08-23 11:42:13.319 [error] [GitHistoryProvider][provideHistoryItems] Failed to get history items with options '{"historyItemRefs":["refs/heads/master"],"limit":50,"skip":0}': Failed to execute git {
  "exitCode": 128,
  "gitCommand": "log",
  "stdout": "",
  "stderr": "fatal: bad revision 'refs/heads/master'\n"
}
2025-08-23 11:42:13.940 [info] > git check-ignore -v -z --stdin [1ms]
2025-08-23 11:42:17.911 [info] [Git][getRemotes] No remotes found in the git config file
2025-08-23 11:42:17.912 [info] > git config --get commit.template [9ms]
2025-08-23 11:42:17.912 [info] > git for-each-ref --format=%(refname)%00%(upstream:short)%00%(objectname)%00%(upstream:track)%00%(upstream:remotename)%00%(upstream:remoteref) refs/heads/master refs/remotes/master [1ms]
2025-08-23 11:42:17.912 [warning] [Git][getBranch] No such branch: master
2025-08-23 11:42:17.930 [info] > git status -z -uall [9ms]
2025-08-23 11:42:17.932 [info] > git for-each-ref --sort -committerdate --format %(refname)%00%(objectname)%00%(*objectname) [1ms]
2025-08-23 11:42:22.964 [info] [Git][getRemotes] No remotes found in the git config file
2025-08-23 11:42:22.964 [info] > git config --get commit.template [14ms]
2025-08-23 11:42:22.965 [info] > git for-each-ref --format=%(refname)%00%(upstream:short)%00%(objectname)%00%(upstream:track)%00%(upstream:remotename)%00%(upstream:remoteref) refs/heads/master refs/remotes/master [1ms]
2025-08-23 11:42:22.965 [warning] [Git][getBranch] No such branch: master
2025-08-23 11:42:22.980 [info] > git status -z -uall [9ms]
2025-08-23 11:42:22.982 [info] > git for-each-ref --sort -committerdate --format %(refname)%00%(objectname)%00%(*objectname) [3ms]
2025-08-23 11:42:28.014 [info] [Git][getRemotes] No remotes found in the git config file
2025-08-23 11:42:28.015 [info] > git config --get commit.template [15ms]
2025-08-23 11:42:28.015 [info] > git for-each-ref --format=%(refname)%00%(upstream:short)%00%(objectname)%00%(upstream:track)%00%(upstream:remotename)%00%(upstream:remoteref) refs/heads/master refs/remotes/master [2ms]
2025-08-23 11:42:28.015 [warning] [Git][getBranch] No such branch: master
2025-08-23 11:42:28.035 [info] > git status -z -uall [9ms]
2025-08-23 11:42:28.038 [info] > git for-each-ref --sort -committerdate --format %(refname)%00%(objectname)%00%(*objectname) [4ms]
2025-08-23 11:42:33.071 [info] > git config --get commit.template [6ms]
2025-08-23 11:42:33.085 [info] [Git][getRemotes] No remotes found in the git config file
2025-08-23 11:42:33.086 [info] > git for-each-ref --format=%(refname)%00%(upstream:short)%00%(objectname)%00%(upstream:track)%00%(upstream:remotename)%00%(upstream:remoteref) refs/heads/master refs/remotes/master [2ms]
2025-08-23 11:42:33.087 [warning] [Git][getBranch] No such branch: master
2025-08-23 11:42:33.119 [info] > git status -z -uall [19ms]
2025-08-23 11:42:33.124 [info] > git for-each-ref --sort -committerdate --format %(refname)%00%(objectname)%00%(*objectname) [7ms]
