2025-08-23 11:10:41.660 [info] [main] Log level: Info
2025-08-23 11:10:41.660 [info] [main] Validating found git in: "git"
2025-08-23 11:10:41.660 [info] [main] Using git "2.51.0" from "git"
2025-08-23 11:10:41.660 [info] [Model][doInitialScan] Initial repository scan started
2025-08-23 11:10:41.660 [info] > git rev-parse --show-toplevel [7ms]
2025-08-23 11:10:41.660 [info] fatal: not a git repository (or any parent up to mount point /)
Stopping at filesystem boundary (GIT_DISCOVERY_ACROSS_FILESYSTEM not set).
2025-08-23 11:10:41.660 [info] > git rev-parse --show-toplevel [2ms]
2025-08-23 11:10:41.660 [info] fatal: not a git repository (or any parent up to mount point /)
Stopping at filesystem boundary (GIT_DISCOVERY_ACROSS_FILESYSTEM not set).
2025-08-23 11:10:41.660 [info] > git rev-parse --show-toplevel [1ms]
2025-08-23 11:10:41.660 [info] fatal: not a git repository (or any parent up to mount point /)
Stopping at filesystem boundary (GIT_DISCOVERY_ACROSS_FILESYSTEM not set).
2025-08-23 11:10:41.660 [info] > git rev-parse --show-toplevel [1ms]
2025-08-23 11:10:41.660 [info] fatal: not a git repository (or any parent up to mount point /)
Stopping at filesystem boundary (GIT_DISCOVERY_ACROSS_FILESYSTEM not set).
2025-08-23 11:10:41.660 [info] > git rev-parse --show-toplevel [1ms]
2025-08-23 11:10:41.660 [info] fatal: not a git repository (or any parent up to mount point /)
Stopping at filesystem boundary (GIT_DISCOVERY_ACROSS_FILESYSTEM not set).
2025-08-23 11:10:41.660 [info] > git rev-parse --show-toplevel [1ms]
2025-08-23 11:10:41.660 [info] fatal: not a git repository (or any parent up to mount point /)
Stopping at filesystem boundary (GIT_DISCOVERY_ACROSS_FILESYSTEM not set).
2025-08-23 11:10:41.660 [info] > git rev-parse --show-toplevel [2ms]
2025-08-23 11:10:41.660 [info] fatal: not a git repository (or any parent up to mount point /)
Stopping at filesystem boundary (GIT_DISCOVERY_ACROSS_FILESYSTEM not set).
2025-08-23 11:10:41.660 [info] > git rev-parse --show-toplevel [1ms]
2025-08-23 11:10:41.660 [info] fatal: not a git repository (or any parent up to mount point /)
Stopping at filesystem boundary (GIT_DISCOVERY_ACROSS_FILESYSTEM not set).
2025-08-23 11:10:41.660 [info] > git rev-parse --show-toplevel [1ms]
2025-08-23 11:10:41.660 [info] fatal: not a git repository (or any parent up to mount point /)
Stopping at filesystem boundary (GIT_DISCOVERY_ACROSS_FILESYSTEM not set).
2025-08-23 11:10:41.660 [info] > git rev-parse --show-toplevel [3ms]
2025-08-23 11:10:41.660 [info] fatal: not a git repository (or any parent up to mount point /)
Stopping at filesystem boundary (GIT_DISCOVERY_ACROSS_FILESYSTEM not set).
2025-08-23 11:10:41.660 [info] > git rev-parse --show-toplevel [1ms]
2025-08-23 11:10:41.660 [info] fatal: not a git repository (or any parent up to mount point /)
Stopping at filesystem boundary (GIT_DISCOVERY_ACROSS_FILESYSTEM not set).
2025-08-23 11:10:41.660 [info] > git rev-parse --show-toplevel [1ms]
2025-08-23 11:10:41.660 [info] fatal: not a git repository (or any parent up to mount point /)
Stopping at filesystem boundary (GIT_DISCOVERY_ACROSS_FILESYSTEM not set).
2025-08-23 11:10:41.660 [info] > git rev-parse --show-toplevel [1ms]
2025-08-23 11:10:41.660 [info] fatal: not a git repository (or any parent up to mount point /)
Stopping at filesystem boundary (GIT_DISCOVERY_ACROSS_FILESYSTEM not set).
2025-08-23 11:10:41.660 [info] > git rev-parse --show-toplevel [1ms]
2025-08-23 11:10:41.660 [info] fatal: not a git repository (or any parent up to mount point /)
Stopping at filesystem boundary (GIT_DISCOVERY_ACROSS_FILESYSTEM not set).
2025-08-23 11:10:41.660 [info] > git rev-parse --show-toplevel [1ms]
2025-08-23 11:10:41.660 [info] fatal: not a git repository (or any parent up to mount point /)
Stopping at filesystem boundary (GIT_DISCOVERY_ACROSS_FILESYSTEM not set).
2025-08-23 11:10:41.692 [info] > git rev-parse --show-toplevel [29ms]
2025-08-23 11:10:41.692 [info] fatal: not a git repository (or any parent up to mount point /)
Stopping at filesystem boundary (GIT_DISCOVERY_ACROSS_FILESYSTEM not set).
2025-08-23 11:10:41.723 [info] > git rev-parse --show-toplevel [24ms]
2025-08-23 11:10:41.723 [info] fatal: not a git repository (or any parent up to mount point /)
Stopping at filesystem boundary (GIT_DISCOVERY_ACROSS_FILESYSTEM not set).
2025-08-23 11:10:41.747 [info] > git rev-parse --show-toplevel [2ms]
2025-08-23 11:10:41.747 [info] fatal: not a git repository (or any parent up to mount point /)
Stopping at filesystem boundary (GIT_DISCOVERY_ACROSS_FILESYSTEM not set).
2025-08-23 11:10:41.752 [info] > git rev-parse --show-toplevel [1ms]
2025-08-23 11:10:41.753 [info] fatal: not a git repository (or any parent up to mount point /)
Stopping at filesystem boundary (GIT_DISCOVERY_ACROSS_FILESYSTEM not set).
2025-08-23 11:10:41.756 [info] > git rev-parse --show-toplevel [1ms]
2025-08-23 11:10:41.756 [info] fatal: not a git repository (or any parent up to mount point /)
Stopping at filesystem boundary (GIT_DISCOVERY_ACROSS_FILESYSTEM not set).
2025-08-23 11:10:41.760 [info] > git rev-parse --show-toplevel [1ms]
2025-08-23 11:10:41.760 [info] fatal: not a git repository (or any parent up to mount point /)
Stopping at filesystem boundary (GIT_DISCOVERY_ACROSS_FILESYSTEM not set).
2025-08-23 11:10:41.765 [info] > git rev-parse --show-toplevel [2ms]
2025-08-23 11:10:41.765 [info] fatal: not a git repository (or any parent up to mount point /)
Stopping at filesystem boundary (GIT_DISCOVERY_ACROSS_FILESYSTEM not set).
2025-08-23 11:10:41.770 [info] > git rev-parse --show-toplevel [1ms]
2025-08-23 11:10:41.770 [info] fatal: not a git repository (or any parent up to mount point /)
Stopping at filesystem boundary (GIT_DISCOVERY_ACROSS_FILESYSTEM not set).
2025-08-23 11:10:41.773 [info] [Model][doInitialScan] Initial repository scan completed - repositories (0), closed repositories (0), parent repositories (0), unsafe repositories (0)
2025-08-23 11:10:41.778 [info] > git rev-parse --show-toplevel [2ms]
2025-08-23 11:10:41.778 [info] fatal: not a git repository (or any parent up to mount point /)
Stopping at filesystem boundary (GIT_DISCOVERY_ACROSS_FILESYSTEM not set).
2025-08-23 11:10:41.829 [info] > git rev-parse --show-toplevel [1ms]
2025-08-23 11:10:41.829 [info] fatal: not a git repository (or any parent up to mount point /)
Stopping at filesystem boundary (GIT_DISCOVERY_ACROSS_FILESYSTEM not set).
2025-08-23 11:10:41.934 [info] > git rev-parse --show-toplevel [2ms]
2025-08-23 11:10:41.934 [info] fatal: not a git repository (or any parent up to mount point /)
Stopping at filesystem boundary (GIT_DISCOVERY_ACROSS_FILESYSTEM not set).
2025-08-23 11:10:42.360 [info] > git rev-parse --show-toplevel [44ms]
2025-08-23 11:10:42.360 [info] fatal: not a git repository (or any parent up to mount point /)
Stopping at filesystem boundary (GIT_DISCOVERY_ACROSS_FILESYSTEM not set).
2025-08-23 11:10:42.547 [info] > git rev-parse --show-toplevel [6ms]
2025-08-23 11:10:42.548 [info] fatal: not a git repository (or any parent up to mount point /)
Stopping at filesystem boundary (GIT_DISCOVERY_ACROSS_FILESYSTEM not set).
2025-08-23 11:10:42.673 [info] > git rev-parse --show-toplevel [1ms]
2025-08-23 11:10:42.673 [info] fatal: not a git repository (or any parent up to mount point /)
Stopping at filesystem boundary (GIT_DISCOVERY_ACROSS_FILESYSTEM not set).
