2025-08-09 07:55:36.397 [info] [main] Log level: Info
2025-08-09 07:55:36.397 [info] [main] Validating found git in: "git"
2025-08-09 07:55:36.397 [info] [main] Using git "2.50.1" from "git"
2025-08-09 07:55:36.397 [info] [Model][doInitialScan] Initial repository scan started
2025-08-09 07:55:36.397 [info] > git rev-parse --show-toplevel [7ms]
2025-08-09 07:55:36.397 [info] fatal: not a git repository (or any parent up to mount point /)
Stopping at filesystem boundary (GIT_DISCOVERY_ACROSS_FILESYSTEM not set).
2025-08-09 07:55:36.397 [info] > git rev-parse --show-toplevel [2ms]
2025-08-09 07:55:36.397 [info] fatal: not a git repository (or any parent up to mount point /)
Stopping at filesystem boundary (GIT_DISCOVERY_ACROSS_FILESYSTEM not set).
2025-08-09 07:55:36.397 [info] > git rev-parse --show-toplevel [2ms]
2025-08-09 07:55:36.397 [info] fatal: not a git repository (or any parent up to mount point /)
Stopping at filesystem boundary (GIT_DISCOVERY_ACROSS_FILESYSTEM not set).
2025-08-09 07:55:36.397 [info] > git rev-parse --show-toplevel [0ms]
2025-08-09 07:55:36.397 [info] fatal: not a git repository (or any parent up to mount point /)
Stopping at filesystem boundary (GIT_DISCOVERY_ACROSS_FILESYSTEM not set).
2025-08-09 07:55:36.397 [info] > git rev-parse --show-toplevel [1ms]
2025-08-09 07:55:36.397 [info] fatal: not a git repository (or any parent up to mount point /)
Stopping at filesystem boundary (GIT_DISCOVERY_ACROSS_FILESYSTEM not set).
2025-08-09 07:55:36.397 [info] > git rev-parse --show-toplevel [0ms]
2025-08-09 07:55:36.397 [info] fatal: not a git repository (or any parent up to mount point /)
Stopping at filesystem boundary (GIT_DISCOVERY_ACROSS_FILESYSTEM not set).
2025-08-09 07:55:36.397 [info] > git rev-parse --show-toplevel [1ms]
2025-08-09 07:55:36.397 [info] fatal: not a git repository (or any parent up to mount point /)
Stopping at filesystem boundary (GIT_DISCOVERY_ACROSS_FILESYSTEM not set).
2025-08-09 07:55:36.397 [info] > git rev-parse --show-toplevel [1ms]
2025-08-09 07:55:36.397 [info] fatal: not a git repository (or any parent up to mount point /)
Stopping at filesystem boundary (GIT_DISCOVERY_ACROSS_FILESYSTEM not set).
2025-08-09 07:55:36.397 [info] > git rev-parse --show-toplevel [1ms]
2025-08-09 07:55:36.397 [info] fatal: not a git repository (or any parent up to mount point /)
Stopping at filesystem boundary (GIT_DISCOVERY_ACROSS_FILESYSTEM not set).
2025-08-09 07:55:36.397 [info] > git rev-parse --show-toplevel [1ms]
2025-08-09 07:55:36.397 [info] fatal: not a git repository (or any parent up to mount point /)
Stopping at filesystem boundary (GIT_DISCOVERY_ACROSS_FILESYSTEM not set).
2025-08-09 07:55:36.397 [info] > git rev-parse --show-toplevel [1ms]
2025-08-09 07:55:36.397 [info] fatal: not a git repository (or any parent up to mount point /)
Stopping at filesystem boundary (GIT_DISCOVERY_ACROSS_FILESYSTEM not set).
2025-08-09 07:55:36.397 [info] > git rev-parse --show-toplevel [1ms]
2025-08-09 07:55:36.397 [info] fatal: not a git repository (or any parent up to mount point /)
Stopping at filesystem boundary (GIT_DISCOVERY_ACROSS_FILESYSTEM not set).
2025-08-09 07:55:36.397 [info] > git rev-parse --show-toplevel [1ms]
2025-08-09 07:55:36.397 [info] fatal: not a git repository (or any parent up to mount point /)
Stopping at filesystem boundary (GIT_DISCOVERY_ACROSS_FILESYSTEM not set).
2025-08-09 07:55:36.397 [info] > git rev-parse --show-toplevel [0ms]
2025-08-09 07:55:36.397 [info] fatal: not a git repository (or any parent up to mount point /)
Stopping at filesystem boundary (GIT_DISCOVERY_ACROSS_FILESYSTEM not set).
2025-08-09 07:55:36.398 [info] > git rev-parse --show-toplevel [1ms]
2025-08-09 07:55:36.398 [info] fatal: not a git repository (or any parent up to mount point /)
Stopping at filesystem boundary (GIT_DISCOVERY_ACROSS_FILESYSTEM not set).
2025-08-09 07:55:36.418 [info] > git rev-parse --show-toplevel [18ms]
2025-08-09 07:55:36.418 [info] fatal: not a git repository (or any parent up to mount point /)
Stopping at filesystem boundary (GIT_DISCOVERY_ACROSS_FILESYSTEM not set).
2025-08-09 07:55:36.436 [info] > git rev-parse --show-toplevel [15ms]
2025-08-09 07:55:36.436 [info] fatal: not a git repository (or any parent up to mount point /)
Stopping at filesystem boundary (GIT_DISCOVERY_ACROSS_FILESYSTEM not set).
2025-08-09 07:55:36.442 [info] > git rev-parse --show-toplevel [1ms]
2025-08-09 07:55:36.442 [info] fatal: not a git repository (or any parent up to mount point /)
Stopping at filesystem boundary (GIT_DISCOVERY_ACROSS_FILESYSTEM not set).
2025-08-09 07:55:36.445 [info] > git rev-parse --show-toplevel [1ms]
2025-08-09 07:55:36.445 [info] fatal: not a git repository (or any parent up to mount point /)
Stopping at filesystem boundary (GIT_DISCOVERY_ACROSS_FILESYSTEM not set).
2025-08-09 07:55:36.447 [info] > git rev-parse --show-toplevel [0ms]
2025-08-09 07:55:36.447 [info] fatal: not a git repository (or any parent up to mount point /)
Stopping at filesystem boundary (GIT_DISCOVERY_ACROSS_FILESYSTEM not set).
2025-08-09 07:55:36.450 [info] > git rev-parse --show-toplevel [1ms]
2025-08-09 07:55:36.450 [info] fatal: not a git repository (or any parent up to mount point /)
Stopping at filesystem boundary (GIT_DISCOVERY_ACROSS_FILESYSTEM not set).
2025-08-09 07:55:36.453 [info] > git rev-parse --show-toplevel [0ms]
2025-08-09 07:55:36.453 [info] fatal: not a git repository (or any parent up to mount point /)
Stopping at filesystem boundary (GIT_DISCOVERY_ACROSS_FILESYSTEM not set).
2025-08-09 07:55:36.456 [info] [Model][doInitialScan] Initial repository scan completed - repositories (0), closed repositories (0), parent repositories (0), unsafe repositories (0)
2025-08-09 07:55:36.459 [info] > git rev-parse --show-toplevel [1ms]
2025-08-09 07:55:36.459 [info] fatal: not a git repository (or any parent up to mount point /)
Stopping at filesystem boundary (GIT_DISCOVERY_ACROSS_FILESYSTEM not set).
2025-08-09 07:55:36.565 [info] > git rev-parse --show-toplevel [1ms]
2025-08-09 07:55:36.565 [info] fatal: not a git repository (or any parent up to mount point /)
Stopping at filesystem boundary (GIT_DISCOVERY_ACROSS_FILESYSTEM not set).
2025-08-09 07:55:38.034 [info] > git rev-parse --show-toplevel [1ms]
2025-08-09 07:55:38.034 [info] fatal: not a git repository (or any parent up to mount point /)
Stopping at filesystem boundary (GIT_DISCOVERY_ACROSS_FILESYSTEM not set).
2025-08-09 07:55:39.194 [info] > git rev-parse --show-toplevel [1ms]
2025-08-09 07:55:39.194 [info] fatal: not a git repository (or any parent up to mount point /)
Stopping at filesystem boundary (GIT_DISCOVERY_ACROSS_FILESYSTEM not set).
2025-08-09 07:55:49.759 [info] > git rev-parse --show-toplevel [1ms]
2025-08-09 07:55:49.759 [info] fatal: not a git repository (or any parent up to mount point /)
Stopping at filesystem boundary (GIT_DISCOVERY_ACROSS_FILESYSTEM not set).
2025-08-09 07:56:00.312 [info] > git rev-parse --show-toplevel [1ms]
2025-08-09 07:56:00.312 [info] fatal: not a git repository (or any parent up to mount point /)
Stopping at filesystem boundary (GIT_DISCOVERY_ACROSS_FILESYSTEM not set).
2025-08-09 07:56:09.846 [info] > git rev-parse --show-toplevel [0ms]
2025-08-09 07:56:09.846 [info] fatal: not a git repository (or any parent up to mount point /)
Stopping at filesystem boundary (GIT_DISCOVERY_ACROSS_FILESYSTEM not set).
