2025-08-09 08:01:43.572 [info] [main] Log level: Info
2025-08-09 08:01:43.572 [info] [main] Validating found git in: "git"
2025-08-09 08:01:43.572 [info] [main] Using git "2.50.1" from "git"
2025-08-09 08:01:43.572 [info] [Model][doInitialScan] Initial repository scan started
2025-08-09 08:01:43.572 [info] > git rev-parse --show-toplevel [5ms]
2025-08-09 08:01:43.572 [info] fatal: not a git repository (or any parent up to mount point /)
Stopping at filesystem boundary (GIT_DISCOVERY_ACROSS_FILESYSTEM not set).
2025-08-09 08:01:43.572 [info] > git rev-parse --show-toplevel [2ms]
2025-08-09 08:01:43.572 [info] fatal: not a git repository (or any parent up to mount point /)
Stopping at filesystem boundary (GIT_DISCOVERY_ACROSS_FILESYSTEM not set).
2025-08-09 08:01:43.572 [info] [Model][doInitialScan] Initial repository scan completed - repositories (0), closed repositories (0), parent repositories (0), unsafe repositories (0)
2025-08-09 08:01:43.572 [info] > git rev-parse --show-toplevel [3ms]
2025-08-09 08:01:43.572 [info] fatal: not a git repository (or any parent up to mount point /)
Stopping at filesystem boundary (GIT_DISCOVERY_ACROSS_FILESYSTEM not set).
2025-08-09 08:01:43.625 [info] > git rev-parse --show-toplevel [1ms]
2025-08-09 08:01:43.625 [info] fatal: not a git repository (or any parent up to mount point /)
Stopping at filesystem boundary (GIT_DISCOVERY_ACROSS_FILESYSTEM not set).
2025-08-09 08:01:43.697 [info] > git rev-parse --show-toplevel [1ms]
2025-08-09 08:01:43.697 [info] fatal: not a git repository (or any parent up to mount point /)
Stopping at filesystem boundary (GIT_DISCOVERY_ACROSS_FILESYSTEM not set).
2025-08-09 08:01:45.278 [info] > git rev-parse --show-toplevel [1ms]
2025-08-09 08:01:45.278 [info] fatal: not a git repository (or any parent up to mount point /)
Stopping at filesystem boundary (GIT_DISCOVERY_ACROSS_FILESYSTEM not set).
2025-08-09 08:02:02.893 [info] > git rev-parse --show-toplevel [1ms]
2025-08-09 08:02:02.893 [info] fatal: not a git repository (or any parent up to mount point /)
Stopping at filesystem boundary (GIT_DISCOVERY_ACROSS_FILESYSTEM not set).
