2025-08-09 08:11:26.008 [info] [main] Log level: Info
2025-08-09 08:11:26.008 [info] [main] Validating found git in: "git"
2025-08-09 08:11:26.008 [info] [main] Using git "2.50.1" from "git"
2025-08-09 08:11:26.008 [info] [Model][doInitialScan] Initial repository scan started
2025-08-09 08:11:26.008 [info] > git rev-parse --show-toplevel [5ms]
2025-08-09 08:11:26.008 [info] fatal: not a git repository (or any parent up to mount point /)
Stopping at filesystem boundary (GIT_DISCOVERY_ACROSS_FILESYSTEM not set).
2025-08-09 08:11:26.008 [info] > git rev-parse --show-toplevel [4ms]
2025-08-09 08:11:26.008 [info] fatal: not a git repository (or any parent up to mount point /)
Stopping at filesystem boundary (GIT_DISCOVERY_ACROSS_FILESYSTEM not set).
2025-08-09 08:11:26.008 [info] > git rev-parse --show-toplevel [1ms]
2025-08-09 08:11:26.008 [info] fatal: not a git repository (or any parent up to mount point /)
Stopping at filesystem boundary (GIT_DISCOVERY_ACROSS_FILESYSTEM not set).
2025-08-09 08:11:26.008 [info] [Model][doInitialScan] Initial repository scan completed - repositories (0), closed repositories (0), parent repositories (0), unsafe repositories (0)
2025-08-09 08:11:26.050 [info] > git rev-parse --show-toplevel [2ms]
2025-08-09 08:11:26.050 [info] fatal: not a git repository (or any parent up to mount point /)
Stopping at filesystem boundary (GIT_DISCOVERY_ACROSS_FILESYSTEM not set).
2025-08-09 08:11:26.091 [info] > git rev-parse --show-toplevel [1ms]
2025-08-09 08:11:26.091 [info] fatal: not a git repository (or any parent up to mount point /)
Stopping at filesystem boundary (GIT_DISCOVERY_ACROSS_FILESYSTEM not set).
2025-08-09 08:11:26.114 [info] > git rev-parse --show-toplevel [1ms]
2025-08-09 08:11:26.114 [info] fatal: not a git repository (or any parent up to mount point /)
Stopping at filesystem boundary (GIT_DISCOVERY_ACROSS_FILESYSTEM not set).
2025-08-09 08:11:26.178 [info] > git rev-parse --show-toplevel [1ms]
2025-08-09 08:11:26.178 [info] fatal: not a git repository (or any parent up to mount point /)
Stopping at filesystem boundary (GIT_DISCOVERY_ACROSS_FILESYSTEM not set).
2025-08-09 08:11:27.552 [info] > git rev-parse --show-toplevel [1ms]
2025-08-09 08:11:27.552 [info] fatal: not a git repository (or any parent up to mount point /)
Stopping at filesystem boundary (GIT_DISCOVERY_ACROSS_FILESYSTEM not set).
2025-08-09 08:11:30.915 [info] > git rev-parse --show-toplevel [1ms]
2025-08-09 08:11:30.915 [info] fatal: not a git repository (or any parent up to mount point /)
Stopping at filesystem boundary (GIT_DISCOVERY_ACROSS_FILESYSTEM not set).
2025-08-09 08:11:30.920 [info] > git rev-parse --show-toplevel [0ms]
2025-08-09 08:11:30.920 [info] fatal: not a git repository (or any parent up to mount point /)
Stopping at filesystem boundary (GIT_DISCOVERY_ACROSS_FILESYSTEM not set).
2025-08-09 08:11:55.064 [info] > git rev-parse --show-toplevel [0ms]
2025-08-09 08:11:55.064 [info] fatal: not a git repository (or any parent up to mount point /)
Stopping at filesystem boundary (GIT_DISCOVERY_ACROSS_FILESYSTEM not set).
2025-08-09 08:11:55.093 [info] > git rev-parse --show-toplevel [1ms]
2025-08-09 08:11:55.094 [info] fatal: not a git repository (or any parent up to mount point /)
Stopping at filesystem boundary (GIT_DISCOVERY_ACROSS_FILESYSTEM not set).
2025-08-09 08:12:19.779 [info] > git rev-parse --show-toplevel [1ms]
2025-08-09 08:12:19.779 [info] fatal: not a git repository (or any parent up to mount point /)
Stopping at filesystem boundary (GIT_DISCOVERY_ACROSS_FILESYSTEM not set).
2025-08-09 08:12:37.114 [info] > git rev-parse --show-toplevel [1ms]
2025-08-09 08:12:37.114 [info] fatal: not a git repository (or any parent up to mount point /)
Stopping at filesystem boundary (GIT_DISCOVERY_ACROSS_FILESYSTEM not set).
2025-08-09 08:14:25.476 [info] > git rev-parse --show-toplevel [1ms]
2025-08-09 08:14:25.476 [info] fatal: not a git repository (or any parent up to mount point /)
Stopping at filesystem boundary (GIT_DISCOVERY_ACROSS_FILESYSTEM not set).
