2025-08-23 10:48:04.929 [info] [main] Log level: Info
2025-08-23 10:48:04.929 [info] [main] Validating found git in: "git"
2025-08-23 10:48:04.929 [info] [main] Using git "2.51.0" from "git"
2025-08-23 10:48:04.929 [info] [Model][doInitialScan] Initial repository scan started
2025-08-23 10:48:04.929 [info] > git rev-parse --show-toplevel [7ms]
2025-08-23 10:48:04.929 [info] fatal: not a git repository (or any parent up to mount point /)
Stopping at filesystem boundary (GIT_DISCOVERY_ACROSS_FILESYSTEM not set).
2025-08-23 10:48:04.929 [info] > git rev-parse --show-toplevel [2ms]
2025-08-23 10:48:04.929 [info] fatal: not a git repository (or any parent up to mount point /)
Stopping at filesystem boundary (GIT_DISCOVERY_ACROSS_FILESYSTEM not set).
2025-08-23 10:48:04.929 [info] > git rev-parse --show-toplevel [10ms]
2025-08-23 10:48:04.929 [info] fatal: not a git repository (or any parent up to mount point /)
Stopping at filesystem boundary (GIT_DISCOVERY_ACROSS_FILESYSTEM not set).
2025-08-23 10:48:04.929 [info] [Model][doInitialScan] Initial repository scan completed - repositories (0), closed repositories (0), parent repositories (0), unsafe repositories (0)
2025-08-23 10:48:04.929 [info] > git rev-parse --show-toplevel [1ms]
2025-08-23 10:48:04.929 [info] fatal: not a git repository (or any parent up to mount point /)
Stopping at filesystem boundary (GIT_DISCOVERY_ACROSS_FILESYSTEM not set).
2025-08-23 10:48:04.996 [info] > git rev-parse --show-toplevel [32ms]
2025-08-23 10:48:04.996 [info] fatal: not a git repository (or any parent up to mount point /)
Stopping at filesystem boundary (GIT_DISCOVERY_ACROSS_FILESYSTEM not set).
2025-08-23 10:48:05.082 [info] > git rev-parse --show-toplevel [1ms]
2025-08-23 10:48:05.082 [info] fatal: not a git repository (or any parent up to mount point /)
Stopping at filesystem boundary (GIT_DISCOVERY_ACROSS_FILESYSTEM not set).
2025-08-23 10:48:05.173 [info] > git rev-parse --show-toplevel [1ms]
2025-08-23 10:48:05.174 [info] fatal: not a git repository (or any parent up to mount point /)
Stopping at filesystem boundary (GIT_DISCOVERY_ACROSS_FILESYSTEM not set).
2025-08-23 10:48:06.156 [info] > git rev-parse --show-toplevel [2ms]
2025-08-23 10:48:06.157 [info] fatal: not a git repository (or any parent up to mount point /)
Stopping at filesystem boundary (GIT_DISCOVERY_ACROSS_FILESYSTEM not set).
