2025-08-09 08:06:44.870 [info] [main] Log level: Info
2025-08-09 08:06:44.870 [info] [main] Validating found git in: "git"
2025-08-09 08:06:44.870 [info] [main] Using git "2.50.1" from "git"
2025-08-09 08:06:44.870 [info] [Model][doInitialScan] Initial repository scan started
2025-08-09 08:06:44.870 [info] > git rev-parse --show-toplevel [7ms]
2025-08-09 08:06:44.870 [info] fatal: not a git repository (or any parent up to mount point /)
Stopping at filesystem boundary (GIT_DISCOVERY_ACROSS_FILESYSTEM not set).
2025-08-09 08:06:44.870 [info] > git rev-parse --show-toplevel [0ms]
2025-08-09 08:06:44.870 [info] fatal: not a git repository (or any parent up to mount point /)
Stopping at filesystem boundary (GIT_DISCOVERY_ACROSS_FILESYSTEM not set).
2025-08-09 08:06:44.870 [info] > git rev-parse --show-toplevel [1ms]
2025-08-09 08:06:44.870 [info] fatal: not a git repository (or any parent up to mount point /)
Stopping at filesystem boundary (GIT_DISCOVERY_ACROSS_FILESYSTEM not set).
2025-08-09 08:06:44.870 [info] > git rev-parse --show-toplevel [2ms]
2025-08-09 08:06:44.870 [info] fatal: not a git repository (or any parent up to mount point /)
Stopping at filesystem boundary (GIT_DISCOVERY_ACROSS_FILESYSTEM not set).
2025-08-09 08:06:44.870 [info] > git rev-parse --show-toplevel [1ms]
2025-08-09 08:06:44.870 [info] fatal: not a git repository (or any parent up to mount point /)
Stopping at filesystem boundary (GIT_DISCOVERY_ACROSS_FILESYSTEM not set).
2025-08-09 08:06:44.870 [info] > git rev-parse --show-toplevel [9ms]
2025-08-09 08:06:44.870 [info] fatal: not a git repository (or any parent up to mount point /)
Stopping at filesystem boundary (GIT_DISCOVERY_ACROSS_FILESYSTEM not set).
2025-08-09 08:06:44.870 [info] > git rev-parse --show-toplevel [1ms]
2025-08-09 08:06:44.870 [info] fatal: not a git repository (or any parent up to mount point /)
Stopping at filesystem boundary (GIT_DISCOVERY_ACROSS_FILESYSTEM not set).
2025-08-09 08:06:44.870 [info] > git rev-parse --show-toplevel [1ms]
2025-08-09 08:06:44.870 [info] fatal: not a git repository (or any parent up to mount point /)
Stopping at filesystem boundary (GIT_DISCOVERY_ACROSS_FILESYSTEM not set).
2025-08-09 08:06:44.870 [info] > git rev-parse --show-toplevel [1ms]
2025-08-09 08:06:44.870 [info] fatal: not a git repository (or any parent up to mount point /)
Stopping at filesystem boundary (GIT_DISCOVERY_ACROSS_FILESYSTEM not set).
2025-08-09 08:06:44.870 [info] > git rev-parse --show-toplevel [1ms]
2025-08-09 08:06:44.870 [info] fatal: not a git repository (or any parent up to mount point /)
Stopping at filesystem boundary (GIT_DISCOVERY_ACROSS_FILESYSTEM not set).
2025-08-09 08:06:44.870 [info] > git rev-parse --show-toplevel [1ms]
2025-08-09 08:06:44.870 [info] fatal: not a git repository (or any parent up to mount point /)
Stopping at filesystem boundary (GIT_DISCOVERY_ACROSS_FILESYSTEM not set).
2025-08-09 08:06:44.870 [info] > git rev-parse --show-toplevel [25ms]
2025-08-09 08:06:44.870 [info] fatal: not a git repository (or any parent up to mount point /)
Stopping at filesystem boundary (GIT_DISCOVERY_ACROSS_FILESYSTEM not set).
2025-08-09 08:06:44.876 [info] > git rev-parse --show-toplevel [3ms]
2025-08-09 08:06:44.877 [info] fatal: not a git repository (or any parent up to mount point /)
Stopping at filesystem boundary (GIT_DISCOVERY_ACROSS_FILESYSTEM not set).
2025-08-09 08:06:44.880 [info] > git rev-parse --show-toplevel [1ms]
2025-08-09 08:06:44.880 [info] fatal: not a git repository (or any parent up to mount point /)
Stopping at filesystem boundary (GIT_DISCOVERY_ACROSS_FILESYSTEM not set).
2025-08-09 08:06:44.899 [info] > git rev-parse --show-toplevel [17ms]
2025-08-09 08:06:44.899 [info] fatal: not a git repository (or any parent up to mount point /)
Stopping at filesystem boundary (GIT_DISCOVERY_ACROSS_FILESYSTEM not set).
2025-08-09 08:06:44.918 [info] > git rev-parse --show-toplevel [4ms]
2025-08-09 08:06:44.918 [info] fatal: not a git repository (or any parent up to mount point /)
Stopping at filesystem boundary (GIT_DISCOVERY_ACROSS_FILESYSTEM not set).
2025-08-09 08:06:44.921 [info] > git rev-parse --show-toplevel [1ms]
2025-08-09 08:06:44.921 [info] fatal: not a git repository (or any parent up to mount point /)
Stopping at filesystem boundary (GIT_DISCOVERY_ACROSS_FILESYSTEM not set).
2025-08-09 08:06:44.924 [info] > git rev-parse --show-toplevel [1ms]
2025-08-09 08:06:44.924 [info] fatal: not a git repository (or any parent up to mount point /)
Stopping at filesystem boundary (GIT_DISCOVERY_ACROSS_FILESYSTEM not set).
2025-08-09 08:06:44.927 [info] > git rev-parse --show-toplevel [1ms]
2025-08-09 08:06:44.927 [info] fatal: not a git repository (or any parent up to mount point /)
Stopping at filesystem boundary (GIT_DISCOVERY_ACROSS_FILESYSTEM not set).
2025-08-09 08:06:44.930 [info] > git rev-parse --show-toplevel [1ms]
2025-08-09 08:06:44.930 [info] fatal: not a git repository (or any parent up to mount point /)
Stopping at filesystem boundary (GIT_DISCOVERY_ACROSS_FILESYSTEM not set).
2025-08-09 08:06:44.932 [info] > git rev-parse --show-toplevel [0ms]
2025-08-09 08:06:44.932 [info] fatal: not a git repository (or any parent up to mount point /)
Stopping at filesystem boundary (GIT_DISCOVERY_ACROSS_FILESYSTEM not set).
2025-08-09 08:06:44.936 [info] > git rev-parse --show-toplevel [0ms]
2025-08-09 08:06:44.936 [info] fatal: not a git repository (or any parent up to mount point /)
Stopping at filesystem boundary (GIT_DISCOVERY_ACROSS_FILESYSTEM not set).
2025-08-09 08:06:44.938 [info] [Model][doInitialScan] Initial repository scan completed - repositories (0), closed repositories (0), parent repositories (0), unsafe repositories (0)
2025-08-09 08:06:44.941 [info] > git rev-parse --show-toplevel [1ms]
2025-08-09 08:06:44.941 [info] fatal: not a git repository (or any parent up to mount point /)
Stopping at filesystem boundary (GIT_DISCOVERY_ACROSS_FILESYSTEM not set).
2025-08-09 08:06:44.945 [info] > git rev-parse --show-toplevel [1ms]
2025-08-09 08:06:44.945 [info] fatal: not a git repository (or any parent up to mount point /)
Stopping at filesystem boundary (GIT_DISCOVERY_ACROSS_FILESYSTEM not set).
2025-08-09 08:06:44.949 [info] > git rev-parse --show-toplevel [1ms]
2025-08-09 08:06:44.949 [info] fatal: not a git repository (or any parent up to mount point /)
Stopping at filesystem boundary (GIT_DISCOVERY_ACROSS_FILESYSTEM not set).
2025-08-09 08:06:44.971 [info] > git rev-parse --show-toplevel [1ms]
2025-08-09 08:06:44.971 [info] fatal: not a git repository (or any parent up to mount point /)
Stopping at filesystem boundary (GIT_DISCOVERY_ACROSS_FILESYSTEM not set).
2025-08-09 08:06:46.420 [info] > git rev-parse --show-toplevel [1ms]
2025-08-09 08:06:46.420 [info] fatal: not a git repository (or any parent up to mount point /)
Stopping at filesystem boundary (GIT_DISCOVERY_ACROSS_FILESYSTEM not set).
2025-08-09 08:07:02.256 [info] > git rev-parse --show-toplevel [1ms]
2025-08-09 08:07:02.256 [info] fatal: not a git repository (or any parent up to mount point /)
Stopping at filesystem boundary (GIT_DISCOVERY_ACROSS_FILESYSTEM not set).
